PullToRefresh/build/intermediates/manifest_merge_blame_file/debug/manifest-merger-blame-debug-report.txt
1<?xml version="1.0" encoding="utf-8"?>
2<manifest xmlns:android="http://schemas.android.com/apk/res/android"
3    package="com.handmark.pulltorefresh.library"
4    android:versionCode="2110"
5    android:versionName="2.1.1" >
6
7    <uses-sdk
8        android:minSdkVersion="4"
8-->src\main\AndroidManifest.xml
9        android:targetSdkVersion="4" />
9-->src\main\AndroidManifest.xml
10
11    <!-- <uses-sdk android:minSdkVersion="4" /> -->
12    <application />
12-->src\main\AndroidManifest.xml:9:5-20
13
14</manifest>